<?xml version="1.0" encoding="UTF-8"?>
<!-- Generated by org.testng.reporters.JUnitXMLReporter -->
<testsuite ignored="0" hostname="inlen8520023665" failures="0" tests="3" name="Submit Order Test" time="53.059" errors="0" timestamp="2023-02-01T13:35:00 IST">
  <testcase classname="rahulshettyacademy.Tests.StandAloneTestJsonParameter" name="submitOrder" time="14.042"/>
  <testcase classname="rahulshettyacademy.Tests.StandAloneTestJsonParameter" name="submitOrder" time="13.885"/>
  <testcase classname="rahulshettyacademy.Tests.StandAloneTestJsonParameter" name="OrderHistoryTest" time="0.555"/>
</testsuite> <!-- Submit Order Test -->
